#
# There is insufficient memory for the Java Runtime Environment to continue.
# Native memory allocation (mmap) failed to map 266338304 bytes. Error detail: G1 virtual space
# Possible reasons:
#   The system is out of physical RAM or swap space
#   This process is running with CompressedOops enabled, and the Java Heap may be blocking the growth of the native heap
# Possible solutions:
#   Reduce memory load on the system
#   Increase physical memory or swap space
#   Check if swap backing store is full
#   Decrease Java heap size (-Xmx/-Xms)
#   Decrease number of Java threads
#   Decrease Java thread stack sizes (-Xss)
#   Set larger code cache with -XX:ReservedCodeCacheSize=
#   JVM is running with Zero Based Compressed Oops mode in which the Java heap is
#     placed in the first 32GB address space. The Java Heap base address is the
#     maximum limit for the native heap growth. Please use -XX:HeapBaseMinAddress
#     to set the Java Heap base and to place the Java Heap above 32GB virtual address.
# This output file may be truncated or incomplete.
#
#  Out of Memory Error (os_windows.cpp:3830), pid=14404, tid=24856
#
# JRE version:  (17.0.14+1) (build )
# Java VM: OpenJDK 64-Bit Server VM (17.0.14+1-b1367.22, mixed mode, sharing, tiered, compressed oops, compressed class ptrs, g1 gc, windows-amd64)
# No core dump will be written. Minidumps are not enabled by default on client versions of Windows
#

---------------  S U M M A R Y ------------

Command Line: -Dnet.bytebuddy.agent.attacher.dump= net.bytebuddy.agent.Attacher com.sun.tools.attach.VirtualMachine 35040 C:\Users\ss\.m2\repository\net\bytebuddy\byte-buddy-agent\1.14.5\byte-buddy-agent-1.14.5.jar false 

Host: Intel(R) Core(TM) i5-8265U CPU @ 1.60GHz, 8 cores, 15G,  Windows 11 , 64 bit Build 22621 (10.0.22621.5262)
Time: Sat May 24 19:06:43 2025 W. Central Africa Standard Time elapsed time: 0.026122 seconds (0d 0h 0m 0s)

---------------  T H R E A D  ---------------

Current thread (0x000002ba5293ca30):  JavaThread "Unknown thread" [_thread_in_vm, id=24856, stack(0x000000efc6c00000,0x000000efc6d00000)]

Stack: [0x000000efc6c00000,0x000000efc6d00000]
Native frames: (J=compiled Java code, j=interpreted, Vv=VM code, C=native code)
V  [jvm.dll+0x68b969]  os::platform_print_native_stack+0xd9  (os_windows_x86.cpp:235)
V  [jvm.dll+0x84572a]  VMError::report+0xc6a  (vmError.cpp:868)
V  [jvm.dll+0x8473ae]  VMError::report_and_die+0x78e  (vmError.cpp:1766)
V  [jvm.dll+0x847a13]  VMError::report_and_die+0x43  (vmError.cpp:1552)
V  [jvm.dll+0x24a83f]  report_vm_out_of_memory+0x8f  (debug.cpp:321)
V  [jvm.dll+0x688629]  os::pd_commit_memory_or_exit+0xc9  (os_windows.cpp:3838)
V  [jvm.dll+0x67cf3a]  os::commit_memory_or_exit+0x2a  (os.cpp:1768)
V  [jvm.dll+0x30b83b]  G1PageBasedVirtualSpace::commit+0x19b  (g1PageBasedVirtualSpace.cpp:204)
V  [jvm.dll+0x312d26]  G1RegionsLargerThanCommitSizeMapper::commit_regions+0x96  (g1RegionToSpaceMapper.cpp:100)
V  [jvm.dll+0x3630fe]  HeapRegionManager::expand_any+0xee  (heapRegionManager.cpp:363)
V  [jvm.dll+0x36333f]  HeapRegionManager::expand_by+0x7f  (heapRegionManager.cpp:380)
V  [jvm.dll+0x2e18cc]  G1CollectedHeap::expand+0xbc  (g1CollectedHeap.cpp:1292)
V  [jvm.dll+0x2e2824]  G1CollectedHeap::initialize+0x664  (g1CollectedHeap.cpp:1713)
V  [jvm.dll+0x815ffb]  universe_init+0xbb  (universe.cpp:737)
V  [jvm.dll+0x370e88]  init_globals+0x48  (init.cpp:131)
V  [jvm.dll+0x7f4875]  Threads::create_vm+0x5e5  (thread.cpp:2909)
V  [jvm.dll+0x3f54ef]  JNI_CreateJavaVM_inner+0x8f  (jni.cpp:3654)
V  [jvm.dll+0x3f70c1]  JNI_CreateJavaVM+0x11  (jni.cpp:3746)
C  [jli.dll+0x52ab]  JavaMain+0x113  (java.c:413)
C  [ucrtbase.dll+0x29333]
C  [KERNEL32.DLL+0x1259d]
C  [ntdll.dll+0x5af58]


---------------  P R O C E S S  ---------------

Threads class SMR info:
_java_thread_list=0x00007ffe43169018, length=0, elements={
}

Java Threads: ( => current thread )

Other Threads:
  0x000002ba529a94f0 GCTaskThread "GC Thread#0" [stack: 0x000000efc6d00000,0x000000efc6e00000] [id=31676]
  0x000002ba529ba960 ConcurrentGCThread "G1 Main Marker" [stack: 0x000000efc6e00000,0x000000efc6f00000] [id=15648]
  0x000002ba529bbb20 ConcurrentGCThread "G1 Conc#0" [stack: 0x000000efc6f00000,0x000000efc7000000] [id=26556]

[error occurred during error reporting (printing all threads), id 0xc0000005, EXCEPTION_ACCESS_VIOLATION (0xc0000005) at pc=0x00007ffe42912197]

VM state: not at safepoint (not fully initialized)

VM Mutex/Monitor currently owned by a thread:  ([mutex/lock_event])
[0x000002ba52937f30] Heap_lock - owner thread: 0x000002ba5293ca30

Heap address: 0x0000000703000000, size: 4048 MB, Compressed Oops mode: Zero based, Oop shift amount: 3

CDS archive(s) mapped at: [0x0000000000000000-0x0000000000000000-0x0000000000000000), size 0, SharedBaseAddress: 0x0000000800000000, ArchiveRelocationMode: 1.
Narrow klass base: 0x0000000000000000, Narrow klass shift: 0, Narrow klass range: 0x0

GC Precious Log:
<Empty>

Heap:
 garbage-first heap   total 0K, used 0K [0x0000000703000000, 0x0000000800000000)
  region size 2048K, 0 young (0K), 0 survivors (0K)
 Metaspace       used 0K, committed 0K, reserved 0K
  class space    used 0K, committed 0K, reserved 0K

Heap Regions: E=young(eden), S=young(survivor), O=old, HS=humongous(starts), HC=humongous(continues), CS=collection set, F=free, OA=open archive, CA=closed archive, TAMS=top-at-mark-start (previous, next)

Card table byte_map: [0x000002ba65c40000,0x000002ba66430000] _byte_map_base: 0x000002ba62428000

Marking Bits (Prev, Next): (CMBitMap*) 0x000002ba529a9b10, (CMBitMap*) 0x000002ba529a9b50
 Prev Bits: [0x000002ba66c20000, 0x000002ba6ab60000)
 Next Bits: [0x000002ba6ab60000, 0x000002ba6eaa0000)

GC Heap History (0 events):
No events

Dll operation events (1 events):
Event: 0.017 Loaded shared library C:\Users\ss\.jdks\jbr-17.0.14\bin\java.dll

Deoptimization events (0 events):
No events

Classes loaded (0 events):
No events

Classes unloaded (0 events):
No events

Classes redefined (0 events):
No events

Internal exceptions (0 events):
No events

VM Operations (0 events):
No events

Memory protections (0 events):
No events

Nmethod flushes (0 events):
No events

Events (0 events):
No events


Dynamic libraries:
0x00007ff711ab0000 - 0x00007ff711aba000 	C:\Users\ss\.jdks\jbr-17.0.14\bin\java.exe
0x00007ffed8830000 - 0x00007ffed8a47000 	C:\WINDOWS\SYSTEM32\ntdll.dll
0x00007ffed7160000 - 0x00007ffed7224000 	C:\WINDOWS\System32\KERNEL32.DLL
0x00007ffed5dd0000 - 0x00007ffed61a3000 	C:\WINDOWS\System32\KERNELBASE.dll
0x00007ffed59a0000 - 0x00007ffed5ab1000 	C:\WINDOWS\System32\ucrtbase.dll
0x00007ffeb8a60000 - 0x00007ffeb8a7b000 	C:\Users\ss\.jdks\jbr-17.0.14\bin\VCRUNTIME140.dll
0x00007ffeb9880000 - 0x00007ffeb9897000 	C:\Users\ss\.jdks\jbr-17.0.14\bin\jli.dll
0x00007ffed7a70000 - 0x00007ffed7c21000 	C:\WINDOWS\System32\USER32.dll
0x00007ffebd350000 - 0x00007ffebd5eb000 	C:\WINDOWS\WinSxS\amd64_microsoft.windows.common-controls_6595b64144ccf1df_6.0.22621.5262_none_2712bde373830908\COMCTL32.dll
0x00007ffed6460000 - 0x00007ffed6486000 	C:\WINDOWS\System32\win32u.dll
0x00007ffed81e0000 - 0x00007ffed8287000 	C:\WINDOWS\System32\msvcrt.dll
0x00007ffed6ec0000 - 0x00007ffed6ee9000 	C:\WINDOWS\System32\GDI32.dll
0x00007ffed5ac0000 - 0x00007ffed5be2000 	C:\WINDOWS\System32\gdi32full.dll
0x00007ffed5bf0000 - 0x00007ffed5c8a000 	C:\WINDOWS\System32\msvcp_win.dll
0x00007ffed8070000 - 0x00007ffed80a1000 	C:\WINDOWS\System32\IMM32.DLL
0x00007ffecec70000 - 0x00007ffecec7c000 	C:\Users\ss\.jdks\jbr-17.0.14\bin\vcruntime140_1.dll
0x00007ffead270000 - 0x00007ffead2fd000 	C:\Users\ss\.jdks\jbr-17.0.14\bin\msvcp140.dll
0x00007ffe42620000 - 0x00007ffe432ae000 	C:\Users\ss\.jdks\jbr-17.0.14\bin\server\jvm.dll
0x00007ffed7810000 - 0x00007ffed78c1000 	C:\WINDOWS\System32\ADVAPI32.dll
0x00007ffed7fc0000 - 0x00007ffed8067000 	C:\WINDOWS\System32\sechost.dll
0x00007ffed6490000 - 0x00007ffed64b8000 	C:\WINDOWS\System32\bcrypt.dll
0x00007ffed6f40000 - 0x00007ffed7054000 	C:\WINDOWS\System32\RPCRT4.dll
0x00007ffed7de0000 - 0x00007ffed7e51000 	C:\WINDOWS\System32\WS2_32.dll
0x00007ffed4770000 - 0x00007ffed47bd000 	C:\WINDOWS\SYSTEM32\POWRPROF.dll
0x00007ffecde70000 - 0x00007ffecdea4000 	C:\WINDOWS\SYSTEM32\WINMM.dll
0x00007ffed2650000 - 0x00007ffed265a000 	C:\WINDOWS\SYSTEM32\VERSION.dll
0x00007ffed4750000 - 0x00007ffed4763000 	C:\WINDOWS\SYSTEM32\UMPDC.dll
0x00007ffed4a10000 - 0x00007ffed4a28000 	C:\WINDOWS\SYSTEM32\kernel.appcore.dll
0x00007ffec8060000 - 0x00007ffec806a000 	C:\Users\ss\.jdks\jbr-17.0.14\bin\jimage.dll
0x00007ffec7c90000 - 0x00007ffec7ec2000 	C:\WINDOWS\SYSTEM32\DBGHELP.DLL
0x00007ffed7400000 - 0x00007ffed7793000 	C:\WINDOWS\System32\combase.dll
0x00007ffed6d70000 - 0x00007ffed6e47000 	C:\WINDOWS\System32\OLEAUT32.dll
0x00007ffebece0000 - 0x00007ffebed12000 	C:\WINDOWS\SYSTEM32\dbgcore.DLL
0x00007ffed63e0000 - 0x00007ffed645b000 	C:\WINDOWS\System32\bcryptPrimitives.dll
0x00007ffeb7a90000 - 0x00007ffeb7ab5000 	C:\Users\ss\.jdks\jbr-17.0.14\bin\java.dll

dbghelp: loaded successfully - version: 4.0.5 - missing functions: none
symbol engine: initialized successfully - sym options: 0x614 - pdb path: .;C:\Users\ss\.jdks\jbr-17.0.14\bin;C:\WINDOWS\SYSTEM32;C:\WINDOWS\WinSxS\amd64_microsoft.windows.common-controls_6595b64144ccf1df_6.0.22621.5262_none_2712bde373830908;C:\Users\ss\.jdks\jbr-17.0.14\bin\server

VM Arguments:
jvm_args: -Dnet.bytebuddy.agent.attacher.dump= 
java_command: net.bytebuddy.agent.Attacher com.sun.tools.attach.VirtualMachine 35040 C:\Users\ss\.m2\repository\net\bytebuddy\byte-buddy-agent\1.14.5\byte-buddy-agent-1.14.5.jar false 
java_class_path (initial): C:\Users\ss\.m2\repository\net\bytebuddy\byte-buddy-agent\1.14.5\byte-buddy-agent-1.14.5.jar
Launcher Type: SUN_STANDARD

[Global flags]
     intx CICompilerCount                          = 4                                         {product} {ergonomic}
     uint ConcGCThreads                            = 2                                         {product} {ergonomic}
     uint G1ConcRefinementThreads                  = 8                                         {product} {ergonomic}
   size_t G1HeapRegionSize                         = 2097152                                   {product} {ergonomic}
    uintx GCDrainStackTargetSize                   = 64                                        {product} {ergonomic}
   size_t InitialHeapSize                          = 266338304                                 {product} {ergonomic}
   size_t MarkStackSize                            = 4194304                                   {product} {ergonomic}
   size_t MaxHeapSize                              = 4244635648                                {product} {ergonomic}
   size_t MinHeapDeltaBytes                        = 2097152                                   {product} {ergonomic}
   size_t MinHeapSize                              = 8388608                                   {product} {ergonomic}
    uintx NonNMethodCodeHeapSize                   = 5839372                                {pd product} {ergonomic}
    uintx NonProfiledCodeHeapSize                  = 122909434                              {pd product} {ergonomic}
    uintx ProfiledCodeHeapSize                     = 122909434                              {pd product} {ergonomic}
    uintx ReservedCodeCacheSize                    = 251658240                              {pd product} {ergonomic}
     bool SegmentedCodeCache                       = true                                      {product} {ergonomic}
   size_t SoftMaxHeapSize                          = 4244635648                             {manageable} {ergonomic}
     bool UseCompressedClassPointers               = true                           {product lp64_product} {ergonomic}
     bool UseCompressedOops                        = true                           {product lp64_product} {ergonomic}
     bool UseG1GC                                  = true                                      {product} {ergonomic}
     bool UseLargePagesIndividualAllocation        = false                                  {pd product} {ergonomic}

Logging:
Log output configuration:
 #0: stdout all=warning uptime,level,tags
 #1: stderr all=off uptime,level,tags

Environment Variables:
JAVA_HOME=C:\Users\ss\AppData\Local\Programs\Eclipse Adoptium\jdk-17.0.11.9-hotspot
PATH=C:\Desktop\db_home\bin\;c:\users\ss\gcc\bin;c:\users\ss\gcc\libexec\gcc\x86_64-pc-mingw32\4.6.3;c:\users\ss\gcc\libexec\gcc\i686-pc-mingw32\4.6.3;c:\users\ss\gcc\libexec\gcc\x86_64-w64-mingw32\11.3.0;C:\WINDOWS\system32;C:\WINDOWS;C:\WINDOWS\System32\Wbem;C:\WINDOWS\System32\WindowsPowerShell\v1.0\;C:\WINDOWS\System32\OpenSSH\;C:\Program Files (x86)\mingw64\bin;C:\Program Files\Git\cmd;C:\xampp\php;C:\ProgramData\ComposerSetup\bin;C:\Downloads\installation packages\apache-maven-3.9.6\bin;C:\Program Files (x86)\Microsoft SQL Server\160\Tools\Binn\;C:\Program Files\Microsoft SQL Server\160\Tools\Binn\;C:\Program Files\Microsoft SQL Server\Client SDK\ODBC\170\Tools\Binn\;C:\Program Files\Microsoft SQL Server\160\DTS\Binn\;C:\Users\ss\AppData\Roaming\nvm;C:\Program Files\nodejs;C:\Android\Sdk\platform-tools;C:\Android\Sdk\emulator;C:\Users\ss\AppData\Local\Packages\PythonSoftwareFoundation.Python.3.11_qbz5n2kfra8p0\LocalCache\local-packages\Python311\Scripts;C:\Program Files\PuTTY\;C:\Program Files\PostgreSQL\17\bin;C:\Program Files\MySQL\MySQL Server 8.0\bin;C:\Program Files\Microsoft SQL Server\150\DTS\Binn\;C:\Program Files\nodejs\;C:\Program Files (x86)\Microsoft SQL Server\150\Tools\Binn\;C:\Program Files\Microsoft SQL Server\150\Tools\Binn\;C:\Program Files\dotnet\;C:\ProgramData\chocolatey\bin;c:\Users\ss\AppData\Local\Programs\cursor\resources\app\bin;C:\Program Files\Docker\Docker\resources\bin;C:\Downloads\apache-maven-3.9.9\bin;C:\Program Files\MySQL\MySQL Shell 8.0\bin\;C:\Downloads\0. installation packages\apache-maven-3.9.6\bin;C:\Downloads\wildfly-35.0.0.Final\bin;C:\Users\ss\AppData\Local\Programs\Eclipse Adoptium\jdk-17.0.11.9-hotspot\bin;C:\Users\ss\AppData\Local\Microsoft\WindowsApps;C:\Users\ss\AppData\Local\Programs\Microsoft VS Code\bin;C:\Program Files (x86)\mingw64\bin;C:\Users\ss\AppData\Roaming\Composer\vendor\bin;C:\Users\ss\AppData\Roaming\nvm;C:\Program Files\nodejs;C:\Desktop\db_home\bin\;C:\Users\ss\AppData\Roaming\npm;C:\Users\ss\AppData\Local\Programs\cursor\resources\app\bin
USERNAME=ss
OS=Windows_NT
PROCESSOR_IDENTIFIER=Intel64 Family 6 Model 142 Stepping 12, GenuineIntel
TMP=C:\Users\ss\AppData\Local\Temp
TEMP=C:\Users\ss\AppData\Local\Temp



Periodic native trim disabled

JNI global refs:
JNI global refs: 0, weak refs: 0

JNI global refs memory usage: 0, weak refs: 0

Process memory usage:
Resident Set Size: 46076K (0% of 16578848K total physical memory with 1643544K free physical memory)

OOME stack traces (most recent first):
Classloader memory used:


---------------  S Y S T E M  ---------------

OS:
 Windows 11 , 64 bit Build 22621 (10.0.22621.5262)
OS uptime: 3 days 3:56 hours
Hyper-V role detected

CPU: total 8 (initial active 8) (4 cores per cpu, 2 threads per core) family 6 model 142 stepping 12 microcode 0xf6, cx8, cmov, fxsr, ht, mmx, 3dnowpref, sse, sse2, sse3, ssse3, sse4.1, sse4.2, popcnt, lzcnt, tsc, tscinvbit, avx, avx2, aes, erms, clmul, bmi1, bmi2, adx, fma, vzeroupper, clflush, clflushopt, hv
Processor Information for processor 0
  Max Mhz: 1800, Current Mhz: 1600, Mhz Limit: 1584
Processor Information for processor 1
  Max Mhz: 1800, Current Mhz: 1500, Mhz Limit: 1584
Processor Information for processor 2
  Max Mhz: 1800, Current Mhz: 1600, Mhz Limit: 1584
Processor Information for processor 3
  Max Mhz: 1800, Current Mhz: 1500, Mhz Limit: 1584
Processor Information for processor 4
  Max Mhz: 1800, Current Mhz: 1600, Mhz Limit: 1584
Processor Information for processor 5
  Max Mhz: 1800, Current Mhz: 1500, Mhz Limit: 1584
Processor Information for processor 6
  Max Mhz: 1800, Current Mhz: 1600, Mhz Limit: 1584
Processor Information for processor 7
  Max Mhz: 1800, Current Mhz: 1600, Mhz Limit: 1584

Memory: 4k page, system-wide physical 16190M (1605M free)
TotalPageFile size 36886M (AvailPageFile size 44M)
current process WorkingSet (physical memory assigned to process): 45M, peak: 45M
current process commit charge ("private bytes"): 93M, peak: 314M

vm_info: OpenJDK 64-Bit Server VM (17.0.14+1-b1367.22) for windows-amd64 JRE (17.0.14+1-b1367.22), built on 2025-01-30 by "builduser" with MS VC++ 16.10 / 16.11 (VS2019)

END.
